[DEBUG] 2024-04-03 17:14:50.032 [main] GenericDao - Festival{festivalID=2, festivalName='The 2nd Festival', region=4, typeID=6, festivalStartDate=2024-02-02}
[DEBUG] 2024-04-03 20:28:25.223 [main] GenericDao - Festival{festivalID=2, festivalName='The 2nd Festival', region=4, typeID=6, festivalStartDate=2024-02-02}
[DEBUG] 2024-04-03 20:32:16.004 [main] GenericDao - Festival{festivalID=2, festivalName='The 2nd Festival', region=4, typeID=6, festivalStartDate=2024-02-02}
[DEBUG] 2024-04-03 20:34:49.540 [main] GenericDao - Festival{festivalID=2, festivalName='The 2nd Festival', region=4, typeID=6, festivalStartDate=2024-02-02}
[DEBUG] 2024-04-03 20:37:42.240 [main] GenericDao - Festival{festivalID=2, festivalName='The 2nd Festival', region=4, typeID=6, festivalStartDate=2024-02-02}
[DEBUG] 2024-04-03 20:45:06.134 [main] GenericDao - Festival{festivalID=2, festivalName='The 2nd Festival', region=4, typeID=6, festivalStartDate=2024-02-02}
[DEBUG] 2024-04-03 21:03:35.682 [main] GenericDao - Festival{festivalID=2, festivalName='The 2nd Festival', region=4, typeID=6, festivalStartDate=2024-02-02}
[DEBUG] 2024-04-04 10:10:29.170 [main] GenericDao - Festival{festivalID=2, festivalName='The 2nd Festival', region=4, typeID=6, festivalStartDate=2024-02-02}
[DEBUG] 2024-04-04 11:08:47.644 [main] GenericDao - Festival{festivalID=2, festivalName='The 2nd Festival', region=4, typeID=6, festivalStartDate=2024-02-02}
[DEBUG] 2024-04-04 11:13:46.796 [main] GenericDao - Festival{festivalID=2, festivalName='The 2nd Festival', region=4, typeID=6, festivalStartDate=2024-02-02}
[DEBUG] 2024-04-04 11:19:05.315 [main] GenericDao - Festival{festivalID=2, festivalName='The 2nd Festival', region=4, typeID=6, festivalStartDate=2024-02-02}
[DEBUG] 2024-04-04 11:22:22.591 [main] GenericDao - Festival{festivalID=2, festivalName='The 2nd Festival', region=4, typeID=6, festivalStartDate=2024-02-02}
[DEBUG] 2024-04-04 11:23:28.771 [main] GenericDao - Festival{festivalID=2, festivalName='The 2nd Festival', region=4, typeID=6, festivalStartDate=2024-02-02}
[DEBUG] 2024-04-04 11:24:33.895 [main] GenericDao - Festival{festivalID=2, festivalName='The 2nd Festival', region=4, typeID=6, festivalStartDate=2024-02-02}
[DEBUG] 2024-04-04 11:26:50.573 [main] GenericDao - Festival{festivalID=2, festivalName='The 2nd Festival', region=4, typeID=6, festivalStartDate=2024-02-02}
[DEBUG] 2024-04-04 13:47:35.722 [main] GenericDao - Festival{festivalID=2, festivalName='The 2nd Festival', region=4, typeID=6, festivalStartDate=2024-02-02}
[DEBUG] 2024-04-04 13:50:08.454 [main] GenericDao - Festival{festivalID=2, festivalName='The 2nd Festival', region=4, typeID=6, festivalStartDate=2024-02-02}
[DEBUG] 2024-04-04 13:50:37.203 [main] GenericDao - Festival{festivalID=2, festivalName='The 2nd Festival', region=4, typeID=6, festivalStartDate=2024-02-02}
[DEBUG] 2024-04-04 14:08:40.303 [main] GenericDao - Festival{festivalID=2, festivalName='The 2nd Festival', region=4, typeID=6, festivalStartDate=2024-02-02}
[DEBUG] 2024-04-04 14:13:15.674 [main] GenericDao - Festival{festivalID=2, festivalName='The 2nd Festival', region=4, typeID=6, festivalStartDate=2024-02-02}
[INFO ] 2024-04-04 14:14:21.707 [http-nio-8080-exec-9] Types - {"typeID":2,"type":"film"}
[INFO ] 2024-04-04 14:14:21.709 [http-nio-8080-exec-9] Types - OutboundJaxrsResponse{status=200, reason=OK, hasEntity=true, closed=false, buffered=false}
[INFO ] 2024-04-04 14:14:37.628 [http-nio-8080-exec-10] Types - [{"typeID":5,"type":"arts"},{"typeID":6,"type":"community"},{"typeID":4,"type":"cultural"},{"typeID":2,"type":"film"},{"typeID":3,"type":"food"},{"typeID":7,"type":"misc/other"},{"typeID":1,"type":"music"}]
[INFO ] 2024-04-04 14:14:37.629 [http-nio-8080-exec-10] Types - OutboundJaxrsResponse{status=200, reason=OK, hasEntity=true, closed=false, buffered=false}
[INFO ] 2024-04-04 14:16:38.763 [http-nio-8080-exec-9] Regions - {"regionID":2,"regionName":"Northwestern"}
[INFO ] 2024-04-04 14:16:38.764 [http-nio-8080-exec-9] Regions - OutboundJaxrsResponse{status=200, reason=OK, hasEntity=true, closed=false, buffered=false}
[INFO ] 2024-04-04 14:16:45.190 [http-nio-8080-exec-10] Regions - [{"regionID":3,"regionName":"Fox Valley"},{"regionID":7,"regionName":"Greater Milwaukee"},{"regionID":1,"regionName":"North Central"},{"regionID":4,"regionName":"Northeastern"},{"regionID":2,"regionName":"Northwestern"},{"regionID":5,"regionName":"South Central"},{"regionID":6,"regionName":"South Eastern"}]
[INFO ] 2024-04-04 14:16:45.190 [http-nio-8080-exec-10] Regions - OutboundJaxrsResponse{status=200, reason=OK, hasEntity=true, closed=false, buffered=false}
